GROUP,PACKAGE,CLASS,INSTRUCTION_MISSED,INSTRUCTION_COVERED,BRANCH_MISSED,BRANCH_COVERED,LINE_MISSED,LINE_COVERED,COMPLEXITY_MISSED,COMPLEXITY_COVERED,METHOD_MISSED,METHOD_COVERED
PresentacionesContables,app.controllers,InformationController,9,0,0,0,4,0,4,0,4,0
PresentacionesContables,app.controllers,LoginController,39,0,2,0,16,0,3,0,2,0
PresentacionesContables,app.controllers,PresentationController,107,0,2,0,39,0,8,0,7,0
PresentacionesContables,app.controllers,UserController,107,0,2,0,39,0,8,0,7,0
PresentacionesContables,app.controllers,BaseController,3,0,0,0,2,0,1,0,1,0
PresentacionesContables,app.controllers,MainController,28,0,0,0,11,0,4,0,4,0
PresentacionesContables,app.controllers,MunicipalityController,124,0,2,0,46,0,9,0,8,0
PresentacionesContables,app.controllers,UserRoleController,107,0,2,0,39,0,8,0,7,0
PresentacionesContables,app.controllers,ConvocatoryController,117,0,2,0,41,0,10,0,9,0
PresentacionesContables,app,Main,32,0,0,0,16,0,7,0,7,0
PresentacionesContables,app.views.users,UserEditJInternalFrame.new KeyAdapter() {...},11,0,0,0,3,0,2,0,2,0
PresentacionesContables,app.views.users,UserListJInternalFrame.new MouseAdapter() {...},11,0,0,0,3,0,2,0,2,0
PresentacionesContables,app.views.users,UserListJInternalFrame.new DefaultTableModel() {...},58,0,0,0,5,0,3,0,3,0
PresentacionesContables,app.views.users,UserEditJInternalFrame,585,0,22,0,140,0,25,0,14,0
PresentacionesContables,app.views.users,UserListJInternalFrame,250,0,2,0,58,0,5,0,4,0
PresentacionesContables,app.views.users,UserEditJInternalFrame.new ActionListener() {...},11,0,0,0,3,0,2,0,2,0
PresentacionesContables,app.views.users,UserEditJInternalFrame.new KeyAdapter() {...},11,0,0,0,3,0,2,0,2,0
PresentacionesContables,app.views.users,UserShowJInternalFrame.new ActionListener() {...},11,0,0,0,3,0,2,0,2,0
PresentacionesContables,app.views.users,UserShowJInternalFrame.new ActionListener() {...},11,0,0,0,3,0,2,0,2,0
PresentacionesContables,app.views.users,UserCreateJInternalFrame.new KeyAdapter() {...},11,0,0,0,3,0,2,0,2,0
PresentacionesContables,app.views.users,UserCreateJInternalFrame.new ActionListener() {...},11,0,0,0,3,0,2,0,2,0
PresentacionesContables,app.views.users,UserCreateJInternalFrame.new KeyAdapter() {...},11,0,0,0,3,0,2,0,2,0
PresentacionesContables,app.views.users,UserCreateJInternalFrame,507,0,22,0,122,0,24,0,13,0
PresentacionesContables,app.views.users,UserShowJInternalFrame,525,0,4,0,133,0,7,0,5,0
PresentacionesContables,helpers,Role,7,0,0,0,2,0,1,0,1,0
PresentacionesContables,helpers,ComboBox,30,0,2,0,10,0,4,0,3,0
PresentacionesContables,helpers,DateHelper,33,34,3,3,7,7,7,3,4,3
PresentacionesContables,helpers,Log,56,0,0,0,11,0,5,0,5,0
PresentacionesContables,helpers,Dialog,24,0,0,0,9,0,5,0,5,0
PresentacionesContables,helpers,RandomString,92,0,6,0,20,0,9,0,6,0
PresentacionesContables,helpers.filters.files,FileTypeFilter,52,0,2,0,14,0,8,0,7,0
PresentacionesContables,helpers.filters.files,FileTypeFilterPDF,13,0,0,0,3,0,2,0,2,0
PresentacionesContables,app.views.convocatory,ConvocatoryCreateJInternalFrame.new ActionListener() {...},11,0,0,0,3,0,2,0,2,0
PresentacionesContables,app.views.convocatory,ConvocatoryEditJInternalFrame.new ActionListener() {...},11,0,0,0,3,0,2,0,2,0
PresentacionesContables,app.views.convocatory,ConvocatoryShowJInternalFrame.new ActionListener() {...},11,0,0,0,3,0,2,0,2,0
PresentacionesContables,app.views.convocatory,ConvocatoryShowJInternalFrame.new ActionListener() {...},11,0,0,0,3,0,2,0,2,0
PresentacionesContables,app.views.convocatory,ConvocatoryCreateJInternalFrame,957,0,46,0,226,0,44,0,21,0
PresentacionesContables,app.views.convocatory,ConvocatoryListJInternalFrame,259,0,2,0,57,0,5,0,4,0
PresentacionesContables,app.views.convocatory,ConvocatoryListJInternalFrame.new DefaultTableModel() {...},66,0,0,0,5,0,3,0,3,0
PresentacionesContables,app.views.convocatory,ConvocatoryListJInternalFrame.new MouseAdapter() {...},11,0,0,0,3,0,2,0,2,0
PresentacionesContables,app.views.convocatory,ConvocatoryShowJInternalFrame,850,0,20,0,208,0,17,0,7,0
PresentacionesContables,app.views.convocatory,ConvocatoryEditJInternalFrame,963,0,58,0,227,0,50,0,21,0
PresentacionesContables,app.entities,UserRole,23,3,0,0,10,2,6,1,6,1
PresentacionesContables,app.entities,DocumentType,23,3,0,0,10,2,6,1,6,1
PresentacionesContables,app.entities,BaseEntity,3,3,0,0,1,1,1,1,1,1
PresentacionesContables,app.entities,Municipality,33,3,0,0,14,2,8,1,8,1
PresentacionesContables,app.entities,Convocatory,70,64,2,0,26,28,9,14,8,14
PresentacionesContables,app.entities,MunicipalityTotalDocument,9,3,0,0,3,2,3,1,3,1
PresentacionesContables,app.entities,MunicipalityCategory,23,3,0,0,10,2,6,1,6,1
PresentacionesContables,app.entities,User,45,51,0,0,16,23,9,11,9,11
PresentacionesContables,app.entities,Presentation,134,3,0,0,49,2,20,1,20,1
PresentacionesContables,app.entities,ConvocatoryDocumentType,64,3,0,0,22,2,9,1,9,1
PresentacionesContables,app.entities,PresentationDocumentType,106,3,0,0,39,2,16,1,16,1
PresentacionesContables,app.views.municipality,MunicipalityCreateJInternalFrame.new ActionListener() {...},11,0,0,0,3,0,2,0,2,0
PresentacionesContables,app.views.municipality,MunicipalityCreateJInternalFrame.new KeyAdapter() {...},11,0,0,0,3,0,2,0,2,0
PresentacionesContables,app.views.municipality,MunicipalityListJInternalFrame,234,0,2,0,55,0,5,0,4,0
PresentacionesContables,app.views.municipality,MunicipalityEditJInternalFrame.new ActionListener() {...},11,0,0,0,3,0,2,0,2,0
PresentacionesContables,app.views.municipality,MunicipalityEditJInternalFrame,356,0,12,0,86,0,15,0,9,0
PresentacionesContables,app.views.municipality,MunicipalityShowJInternalFrame.new ActionListener() {...},11,0,0,0,3,0,2,0,2,0
PresentacionesContables,app.views.municipality,MunicipalityShowJInternalFrame.new ActionListener() {...},11,0,0,0,3,0,2,0,2,0
PresentacionesContables,app.views.municipality,MunicipalityListJInternalFrame.new DefaultTableModel() {...},50,0,0,0,5,0,3,0,3,0
PresentacionesContables,app.views.municipality,MunicipalityListJInternalFrame.new MouseAdapter() {...},11,0,0,0,3,0,2,0,2,0
PresentacionesContables,app.views.municipality,MunicipalityShowJInternalFrame,404,0,6,0,104,0,9,0,6,0
PresentacionesContables,app.views.municipality,MunicipalityCreateJInternalFrame,339,0,14,0,85,0,17,0,10,0
PresentacionesContables,app.views,LoginJFrame,413,0,26,0,97,0,23,0,10,0
PresentacionesContables,app.views,MenuJFrame.new ActionListener() {...},11,0,0,0,3,0,2,0,2,0
PresentacionesContables,app.views,MenuJFrame.new ActionListener() {...},11,0,0,0,3,0,2,0,2,0
PresentacionesContables,app.views,MenuJFrame.new ActionListener() {...},11,0,0,0,3,0,2,0,2,0
PresentacionesContables,app.views,MenuJFrame.new ActionListener() {...},11,0,0,0,3,0,2,0,2,0
PresentacionesContables,app.views,MenuJFrame.new ActionListener() {...},11,0,0,0,3,0,2,0,2,0
PresentacionesContables,app.views,MenuJFrame.new ActionListener() {...},11,0,0,0,3,0,2,0,2,0
PresentacionesContables,app.views,MenuJFrame.new ActionListener() {...},11,0,0,0,3,0,2,0,2,0
PresentacionesContables,app.views,MenuJFrame,738,0,10,0,174,0,22,0,16,0
PresentacionesContables,app.views,MenuJFrame.new ActionListener() {...},11,0,0,0,3,0,2,0,2,0
PresentacionesContables,app.views,MenuJFrame.new ActionListener() {...},11,0,0,0,3,0,2,0,2,0
PresentacionesContables,app.views,LoginJFrame.new Runnable() {...},9,0,0,0,3,0,2,0,2,0
PresentacionesContables,app.views,LoginJFrame.new KeyAdapter() {...},11,0,0,0,3,0,2,0,2,0
PresentacionesContables,app.views,LoginJFrame.new ActionListener() {...},11,0,0,0,3,0,2,0,2,0
PresentacionesContables,app.views,LoginJFrame.new KeyAdapter() {...},11,0,0,0,3,0,2,0,2,0
PresentacionesContables,app.views,BaseView,3,0,0,0,1,0,1,0,1,0
PresentacionesContables,app.views,MenuJFrame.new ActionListener() {...},11,0,0,0,3,0,2,0,2,0
PresentacionesContables,app.views,MenuJFrame.new MouseAdapter() {...},11,0,0,0,3,0,2,0,2,0
PresentacionesContables,app.views,MenuJFrame.new Runnable() {...},9,0,0,0,3,0,2,0,2,0
PresentacionesContables,seeders,UserSeeder,86,0,8,0,19,0,6,0,2,0
PresentacionesContables,app.views.information,InformationDashboardJInternalFrame.new DefaultTableModel() {...},50,0,0,0,5,0,3,0,3,0
PresentacionesContables,app.views.information,InformationDashboardJInternalFrame.new DefaultTableModel() {...},42,0,0,0,5,0,3,0,3,0
PresentacionesContables,app.views.information,InformationDashboardJInternalFrame.new DefaultTableModel() {...},50,0,0,0,5,0,3,0,3,0
PresentacionesContables,app.views.information,InformationDashboardJInternalFrame,583,0,12,0,133,0,13,0,7,0
PresentacionesContables,app.views.presentation,PresentationCreateJInternalFrame.new ActionListener() {...},11,0,0,0,3,0,2,0,2,0
PresentacionesContables,app.views.presentation,PresentationCreateJInternalFrame.new ActionListener() {...},11,0,0,0,3,0,2,0,2,0
PresentacionesContables,app.views.presentation,PresentationCreateJInternalFrame.new ActionListener() {...},11,0,0,0,3,0,2,0,2,0
PresentacionesContables,app.views.presentation,PresentationCreateJInternalFrame.new ActionListener() {...},11,0,0,0,3,0,2,0,2,0
PresentacionesContables,app.views.presentation,PresentationCreateJInternalFrame.new ActionListener() {...},11,0,0,0,3,0,2,0,2,0
PresentacionesContables,app.views.presentation,PresentationCreateJInternalFrame.new ActionListener() {...},11,0,0,0,3,0,2,0,2,0
PresentacionesContables,app.views.presentation,PresentationCreateJInternalFrame.new ActionListener() {...},11,0,0,0,3,0,2,0,2,0
PresentacionesContables,app.views.presentation,PresentationCreateJInternalFrame.new ActionListener() {...},11,0,0,0,3,0,2,0,2,0
PresentacionesContables,app.views.presentation,PresentationListJInternalFrame.new MouseAdapter() {...},11,0,0,0,3,0,2,0,2,0
PresentacionesContables,app.views.presentation,PresentationListJInternalFrame.new DefaultTableModel() {...},66,0,0,0,5,0,3,0,3,0
PresentacionesContables,app.views.presentation,PresentationCreateJInternalFrame.new ActionListener() {...},35,0,0,0,10,0,2,0,2,0
PresentacionesContables,app.views.presentation,PresentationCreateJInternalFrame.new ActionListener() {...},11,0,0,0,3,0,2,0,2,0
PresentacionesContables,app.views.presentation,PresentationCreateJInternalFrame.new ActionListener() {...},11,0,0,0,3,0,2,0,2,0
PresentacionesContables,app.views.presentation,PresentationCreateJInternalFrame.new ActionListener() {...},11,0,0,0,3,0,2,0,2,0
PresentacionesContables,app.views.presentation,PresentationCreateJInternalFrame.new ActionListener() {...},11,0,0,0,3,0,2,0,2,0
PresentacionesContables,app.views.presentation,PresentationCreateJInternalFrame.new ActionListener() {...},11,0,0,0,3,0,2,0,2,0
PresentacionesContables,app.views.presentation,PresentationCreateJInternalFrame.new ActionListener() {...},11,0,0,0,3,0,2,0,2,0
PresentacionesContables,app.views.presentation,PresentationListJInternalFrame,262,0,4,0,58,0,6,0,4,0
PresentacionesContables,app.views.presentation,PresentationCreateJInternalFrame.new ActionListener() {...},11,0,0,0,3,0,2,0,2,0
PresentacionesContables,app.views.presentation,PresentationCreateJInternalFrame.new ActionListener() {...},11,0,0,0,3,0,2,0,2,0
PresentacionesContables,app.views.presentation,PresentationEditJInternalFrame.new ActionListener() {...},11,0,0,0,3,0,2,0,2,0
PresentacionesContables,app.views.presentation,PresentationEditJInternalFrame.new ActionListener() {...},11,0,0,0,3,0,2,0,2,0
PresentacionesContables,app.views.presentation,PresentationEditJInternalFrame.new ActionListener() {...},11,0,0,0,3,0,2,0,2,0
PresentacionesContables,app.views.presentation,PresentationEditJInternalFrame.new ActionListener() {...},11,0,0,0,3,0,2,0,2,0
PresentacionesContables,app.views.presentation,PresentationEditJInternalFrame.new ActionListener() {...},11,0,0,0,3,0,2,0,2,0
PresentacionesContables,app.views.presentation,PresentationEditJInternalFrame.new ActionListener() {...},11,0,0,0,3,0,2,0,2,0
PresentacionesContables,app.views.presentation,PresentationEditJInternalFrame,2731,0,80,0,727,0,81,0,35,0
PresentacionesContables,app.views.presentation,PresentationEditJInternalFrame.new ActionListener() {...},11,0,0,0,3,0,2,0,2,0
PresentacionesContables,app.views.presentation,PresentationEditJInternalFrame.new ActionListener() {...},11,0,0,0,3,0,2,0,2,0
PresentacionesContables,app.views.presentation,PresentationEditJInternalFrame.new ActionListener() {...},11,0,0,0,3,0,2,0,2,0
PresentacionesContables,app.views.presentation,PresentationEditJInternalFrame.new ActionListener() {...},11,0,0,0,3,0,2,0,2,0
PresentacionesContables,app.views.presentation,PresentationEditJInternalFrame.new ActionListener() {...},11,0,0,0,3,0,2,0,2,0
PresentacionesContables,app.views.presentation,PresentationEditJInternalFrame.new ActionListener() {...},11,0,0,0,3,0,2,0,2,0
PresentacionesContables,app.views.presentation,PresentationEditJInternalFrame.new ActionListener() {...},11,0,0,0,3,0,2,0,2,0
PresentacionesContables,app.views.presentation,PresentationEditJInternalFrame.new ActionListener() {...},11,0,0,0,3,0,2,0,2,0
PresentacionesContables,app.views.presentation,PresentationCreateJInternalFrame,2459,0,66,0,667,0,74,0,35,0
PresentacionesContables,app.views.presentation,PresentationEditJInternalFrame.new ActionListener() {...},11,0,0,0,3,0,2,0,2,0
PresentacionesContables,app.views.presentation,PresentationEditJInternalFrame.new ActionListener() {...},11,0,0,0,3,0,2,0,2,0
PresentacionesContables,app.views.presentation,PresentationEditJInternalFrame.new ActionListener() {...},35,0,0,0,10,0,2,0,2,0
PresentacionesContables,app.views.presentation,PresentationShowJInternalFrame.new ActionListener() {...},11,0,0,0,3,0,2,0,2,0
PresentacionesContables,app.views.presentation,PresentationShowJInternalFrame.new ActionListener() {...},11,0,0,0,3,0,2,0,2,0
PresentacionesContables,app.views.presentation,PresentationShowJInternalFrame.new ActionListener() {...},11,0,0,0,3,0,2,0,2,0
PresentacionesContables,app.views.presentation,PresentationShowJInternalFrame.new ActionListener() {...},11,0,0,0,3,0,2,0,2,0
PresentacionesContables,app.views.presentation,PresentationShowJInternalFrame.new ActionListener() {...},11,0,0,0,3,0,2,0,2,0
PresentacionesContables,app.views.presentation,PresentationShowJInternalFrame.new ActionListener() {...},11,0,0,0,3,0,2,0,2,0
PresentacionesContables,app.views.presentation,PresentationShowJInternalFrame.new ActionListener() {...},11,0,0,0,3,0,2,0,2,0
PresentacionesContables,app.views.presentation,PresentationShowJInternalFrame,1815,0,28,0,466,0,31,0,15,0
PresentacionesContables,app.dao,DocumentTypeDao,29,0,0,0,8,0,6,0,6,0
PresentacionesContables,app.dao,PresentationDao,138,0,14,0,37,0,14,0,7,0
PresentacionesContables,app.dao,MunicipalityTotalDocumentDao,8,0,0,0,3,0,1,0,1,0
PresentacionesContables,app.dao,UserDao,45,105,4,2,13,25,4,7,2,6
PresentacionesContables,app.dao,MunicipalityDao,93,0,4,0,34,0,10,0,8,0
PresentacionesContables,app.dao,ConvocatoryDao,109,100,10,4,21,25,8,8,2,7
PresentacionesContables,app.dao,ConvocatoryDocumentTypeDao,29,0,0,0,8,0,6,0,6,0
PresentacionesContables,app.dao,UserRoleDao,29,0,0,0,8,0,6,0,6,0
PresentacionesContables,app.dao,PresentationDocumentTypeDao,17,0,0,0,5,0,3,0,3,0
PresentacionesContables,app.dao,BaseDao,169,176,20,6,55,55,14,10,2,9
PresentacionesContables,config,HibernateUtil,28,29,3,3,7,10,4,2,1,2
