<?xml version="1.0" encoding="UTF-8" standalone="yes"?><!DOCTYPE report PUBLIC "-//JACOCO//DTD Report 1.1//EN" "report.dtd"><report name="PresentacionesContables"><sessioninfo id="MacBook-Pro-de-Raul.local-18b9c972" start="1654427769849" dump="1654427777440"/><sessioninfo id="MacBook-Pro-de-Raul.local-3702b0f4" start="1654429534797" dump="1654429541804"/><sessioninfo id="MacBook-Pro-de-Raul.local-2408340e" start="1654432025998" dump="1654432033380"/><sessioninfo id="MacBook-Pro-de-Raul.local-ac7ea2a6" start="1654432121405" dump="1654432128488"/><sessioninfo id="MacBook-Pro-de-Raul.local-de699106" start="1654434632993" dump="1654434640189"/></report>